<?xml version="1.0" encoding="UTF-8"?>
<!-- Generated by org.testng.reporters.JUnitReportReporter -->
<testsuite hostname="GDCIT-LAPT279" failures="0" tests="1" name="LoginRunner.LoginRunner" time="18.109" errors="1" timestamp="2025-05-14T19:27:50 IST" skipped="0">
  <testcase classname="LoginRunner.LoginRunner" name="runScenario" time="18.109">
    <error message="Cannot invoke &quot;org.openqa.selenium.WebDriver.findElement(org.openqa.selenium.By)&quot; because &quot;this.driver&quot; is null" type="java.lang.NullPointerException">
      <![CDATA[java.lang.NullPointerException: Cannot invoke "org.openqa.selenium.WebDriver.findElement(org.openqa.selenium.By)" because "this.driver" is null
at LoginSteps.LoginSteps.userName(LoginSteps.java:38)
at ✽.User enters the username as "vnagadani@credenti.io"(file:///C:/Users/Veereshkumar.N/eclipse-workspace/Practical/src/test/java/LoginFile/login.feature:21)
]]>
    </error>
  </testcase> <!-- runScenario -->
</testsuite> <!-- LoginRunner.LoginRunner -->
