<?xml version="1.0" encoding="UTF-8"?>
<!-- Generated by org.testng.reporters.JUnitReportReporter -->
<testsuite hostname="GDCIT-LAPT279" failures="0" tests="1" name="RunnerFile.Runner" time="6.523" errors="1" timestamp="2025-05-13T15:30:35 IST" skipped="0">
  <testcase classname="RunnerFile.Runner" name="runScenario" time="6.523">
    <error message="Cannot invoke &quot;org.openqa.selenium.WebDriver.findElement(org.openqa.selenium.By)&quot; because &quot;this.driver&quot; is null" type="java.lang.NullPointerException">
      <![CDATA[java.lang.NullPointerException: Cannot invoke "org.openqa.selenium.WebDriver.findElement(org.openqa.selenium.By)" because "this.driver" is null
at StepsFile.Steps.emailField(Steps.java:39)
at ✽.User enters the username as "vnagadani@credenti.io"(file:///C:/Users/Veereshkumar.N/eclipse-workspace/Practical/src/test/java/FeatureFile/signin.feature:8)
]]>
    </error>
  </testcase> <!-- runScenario -->
</testsuite> <!-- RunnerFile.Runner -->
