<?xml version="1.0" encoding="UTF-8"?>
<testng-results ignored="0" total="1" passed="1" failed="0" skipped="0">
  <reporter-output>
  </reporter-output>
  <suite started-at="2025-06-26T18:51:36 IST" name="Default suite" finished-at="2025-06-26T18:52:06 IST" duration-ms="29126">
    <groups>
      <group name="cucumber">
        <method signature="AbstractTestNGCucumberTests.runScenario(io.cucumber.testng.PickleWrapper,io.cucumber.testng.FeatureWrapper)[pri:0, instance:com.runner.file.RunnerfileTestAutomation@1a4927d6]" name="runScenario" class="io.cucumber.testng.AbstractTestNGCucumberTests"/>
      </group> <!-- cucumber -->
    </groups>
    <test started-at="2025-06-26T18:51:36 IST" name="Default test" finished-at="2025-06-26T18:52:06 IST" duration-ms="29126">
      <class name="com.runner.file.RunnerfileTestAutomation">
        <test-method is-config="true" signature="setUpClass(org.testng.ITestContext)[pri:0, instance:com.runner.file.RunnerfileTestAutomation@1a4927d6]" started-at="2025-06-26T18:51:37 IST" name="setUpClass" finished-at="2025-06-26T18:51:37 IST" duration-ms="193" status="PASS">
          <params>
            <param index="0">
              <value>
                <![CDATA[org.testng.TestRunner@523d6bdb]]>
              </value>
            </param>
          </params>
          <reporter-output>
          </reporter-output>
        </test-method> <!-- setUpClass -->
        <test-method signature="runScenario(io.cucumber.testng.PickleWrapper,io.cucumber.testng.FeatureWrapper)[pri:0, instance:com.runner.file.RunnerfileTestAutomation@1a4927d6]" started-at="2025-06-26T18:51:37 IST" name="runScenario" description="Runs Cucumber Scenarios" data-provider="scenarios" finished-at="2025-06-26T18:52:06 IST" duration-ms="28885" status="PASS">
          <params>
            <param index="0">
              <value>
                <![CDATA["login to the TestAutomation practice page"]]>
              </value>
            </param>
            <param index="1">
              <value>
                <![CDATA["TestAutomation login page"]]>
              </value>
            </param>
          </params>
          <reporter-output>
          </reporter-output>
        </test-method> <!-- runScenario -->
        <test-method is-config="true" signature="tearDownClass()[pri:0, instance:com.runner.file.RunnerfileTestAutomation@1a4927d6]" started-at="2025-06-26T18:52:06 IST" name="tearDownClass" finished-at="2025-06-26T18:52:06 IST" duration-ms="3" status="PASS">
          <reporter-output>
          </reporter-output>
        </test-method> <!-- tearDownClass -->
      </class> <!-- com.runner.file.RunnerfileTestAutomation -->
    </test> <!-- Default test -->
  </suite> <!-- Default suite -->
</testng-results>
