<?xml version="1.0" encoding="UTF-8"?>
<testng-results ignored="0" total="1" passed="1" failed="0" skipped="0">
  <reporter-output>
  </reporter-output>
  <suite started-at="2025-06-11T12:39:50 IST" name="Default suite" finished-at="2025-06-11T12:39:54 IST" duration-ms="4767">
    <groups>
      <group name="cucumber">
        <method signature="AbstractTestNGCucumberTests.runScenario(io.cucumber.testng.PickleWrapper,io.cucumber.testng.FeatureWrapper)[pri:0, instance:com.runner.file.runner_File@1a4927d6]" name="runScenario" class="io.cucumber.testng.AbstractTestNGCucumberTests"/>
      </group> <!-- cucumber -->
    </groups>
    <test started-at="2025-06-11T12:39:50 IST" name="Default test" finished-at="2025-06-11T12:39:54 IST" duration-ms="4767">
      <class name="com.runner.file.runner_File">
        <test-method is-config="true" signature="setUpClass(org.testng.ITestContext)[pri:0, instance:com.runner.file.runner_File@1a4927d6]" started-at="2025-06-11T12:39:50 IST" name="setUpClass" finished-at="2025-06-11T12:39:50 IST" duration-ms="171" status="PASS">
          <params>
            <param index="0">
              <value>
                <![CDATA[org.testng.TestRunner@523d6bdb]]>
              </value>
            </param>
          </params>
          <reporter-output>
          </reporter-output>
        </test-method> <!-- setUpClass -->
        <test-method signature="runScenario(io.cucumber.testng.PickleWrapper,io.cucumber.testng.FeatureWrapper)[pri:0, instance:com.runner.file.runner_File@1a4927d6]" started-at="2025-06-11T12:39:50 IST" name="runScenario" description="Runs Cucumber Scenarios" data-provider="scenarios" finished-at="2025-06-11T12:39:54 IST" duration-ms="4547" status="PASS">
          <params>
            <param index="0">
              <value>
                <![CDATA["Login to the test Automation page"]]>
              </value>
            </param>
            <param index="1">
              <value>
                <![CDATA["Test Automation page Launch"]]>
              </value>
            </param>
          </params>
          <reporter-output>
          </reporter-output>
        </test-method> <!-- runScenario -->
        <test-method is-config="true" signature="tearDownClass()[pri:0, instance:com.runner.file.runner_File@1a4927d6]" started-at="2025-06-11T12:39:54 IST" name="tearDownClass" finished-at="2025-06-11T12:39:54 IST" duration-ms="3" status="PASS">
          <reporter-output>
          </reporter-output>
        </test-method> <!-- tearDownClass -->
      </class> <!-- com.runner.file.runner_File -->
    </test> <!-- Default test -->
  </suite> <!-- Default suite -->
</testng-results>
